<?xml version="1.0" encoding="UTF-8"?>
<testsuite xmlns:xsi="http://www.w3.org/2001/XMLSchema-instance" xsi:noNamespaceSchemaLocation="https://maven.apache.org/surefire/maven-surefire-plugin/xsd/surefire-test-report-3.0.xsd" version="3.0" name="priv.matthaeusp.tenpin.test.TestCases" time="0.277" tests="6" errors="0" skipped="0" failures="0">
  <properties>
[...]
</properties>
  <testcase name="highestScoreEquals300IfAllRollsAreStrike" classname="priv.matthaeusp.tenpin.test.TestCases" time="0.115"/>
  <testcase name="testGameScoreEquals141" classname="priv.matthaeusp.tenpin.test.TestCases" time="0.004"/>
  <testcase name="failsIfTooManyRolls" classname="priv.matthaeusp.tenpin.test.TestCases" time="0.019"/>
  <testcase name="gameInstantiates" classname="priv.matthaeusp.tenpin.test.TestCases" time="0.004"/>
  <testcase name="rollsParsedCorrectly" classname="priv.matthaeusp.tenpin.test.TestCases" time="0.027"/>
  <testcase name="zeroScoreIfNoPinsHitDuringGame" classname="priv.matthaeusp.tenpin.test.TestCases" time="0.007"/>
</testsuite>